<?xml version="1.0" encoding="UTF-8"?>
<!-- Generated by org.testng.reporters.JUnitXMLReporter -->
<testsuite hostname="DESKTOP-M3E2BR1" ignored="0" name="Default test" tests="7" failures="7" timestamp="2021-02-27T17:02:03 IST" time="2.793" errors="0">
  <testcase name="runScenario" time="0.15" classname="io.cucumber.testng.AbstractTestNGCucumberTests">
    <failure type="io.cucumber.java.PendingException" message="TODO: implement me">
      <![CDATA[io.cucumber.java.PendingException: TODO: implement me
at step.StepDefinition.launch_the_browser(StepDefinition.java:10)
at ✽.Launch the Browser(file:///E:/Test%20Leaf/Eclipse/SeleniumTesting/InterviewPractises/src/test/java/feature/Thedumonde.feature:4)
]]>
    </failure>
  </testcase> <!-- runScenario -->
  <testcase name="runScenario" time="0.009" classname="io.cucumber.testng.AbstractTestNGCucumberTests">
    <failure type="io.cucumber.java.PendingException" message="TODO: implement me">
      <![CDATA[io.cucumber.java.PendingException: TODO: implement me
at step.StepDefinition.launch_the_browser(StepDefinition.java:10)
at ✽.Launch the Browser(file:///E:/Test%20Leaf/Eclipse/SeleniumTesting/InterviewPractises/src/test/java/feature/Thedumonde.feature:4)
]]>
    </failure>
  </testcase> <!-- runScenario -->
  <testcase name="runScenario" time="0.01" classname="io.cucumber.testng.AbstractTestNGCucumberTests">
    <failure type="io.cucumber.java.PendingException" message="TODO: implement me">
      <![CDATA[io.cucumber.java.PendingException: TODO: implement me
at step.StepDefinition.launch_the_browser(StepDefinition.java:10)
at ✽.Launch the Browser(file:///E:/Test%20Leaf/Eclipse/SeleniumTesting/InterviewPractises/src/test/java/feature/Thedumonde.feature:4)
]]>
    </failure>
  </testcase> <!-- runScenario -->
  <testcase name="runScenario" time="0.011" classname="io.cucumber.testng.AbstractTestNGCucumberTests">
    <failure type="io.cucumber.java.PendingException" message="TODO: implement me">
      <![CDATA[io.cucumber.java.PendingException: TODO: implement me
at step.StepDefinition.launch_the_browser(StepDefinition.java:10)
at ✽.Launch the Browser(file:///E:/Test%20Leaf/Eclipse/SeleniumTesting/InterviewPractises/src/test/java/feature/Thedumonde.feature:4)
]]>
    </failure>
  </testcase> <!-- runScenario -->
  <testcase name="runScenario" time="0.011" classname="io.cucumber.testng.AbstractTestNGCucumberTests">
    <failure type="io.cucumber.java.PendingException" message="TODO: implement me">
      <![CDATA[io.cucumber.java.PendingException: TODO: implement me
at step.StepDefinition.launch_the_browser(StepDefinition.java:10)
at ✽.Launch the Browser(file:///E:/Test%20Leaf/Eclipse/SeleniumTesting/InterviewPractises/src/test/java/feature/Thedumonde.feature:4)
]]>
    </failure>
  </testcase> <!-- runScenario -->
  <testcase name="runScenario" time="0.018" classname="io.cucumber.testng.AbstractTestNGCucumberTests">
    <failure type="io.cucumber.java.PendingException" message="TODO: implement me">
      <![CDATA[io.cucumber.java.PendingException: TODO: implement me
at step.StepDefinition.launch_the_browser(StepDefinition.java:10)
at ✽.Launch the Browser(file:///E:/Test%20Leaf/Eclipse/SeleniumTesting/InterviewPractises/src/test/java/feature/Thedumonde.feature:4)
]]>
    </failure>
  </testcase> <!-- runScenario -->
  <testcase name="runScenario" time="0.007" classname="io.cucumber.testng.AbstractTestNGCucumberTests">
    <failure type="io.cucumber.java.PendingException" message="TODO: implement me">
      <![CDATA[io.cucumber.java.PendingException: TODO: implement me
at step.StepDefinition.launch_the_browser(StepDefinition.java:10)
at ✽.Launch the Browser(file:///E:/Test%20Leaf/Eclipse/SeleniumTesting/InterviewPractises/src/test/java/feature/Thedumonde.feature:4)
]]>
    </failure>
  </testcase> <!-- runScenario -->
</testsuite> <!-- Default test -->
