<?xml version="1.0" encoding="UTF-8"?>
<testng-results skipped="0" failed="0" ignored="0" total="1" passed="1">
  <reporter-output>
  </reporter-output>
  <suite name="Default suite" duration-ms="36604" started-at="2021-02-28T11:11:05 IST" finished-at="2021-02-28T11:11:41 IST">
    <groups>
    </groups>
    <test name="Default test" duration-ms="36604" started-at="2021-02-28T11:11:05 IST" finished-at="2021-02-28T11:11:41 IST">
      <class name="lazyLoad.MakeMytrip">
        <test-method status="PASS" signature="runLazyLoad()[pri:0, instance:lazyLoad.MakeMytrip@46daef40]" name="runLazyLoad" duration-ms="36574" started-at="2021-02-28T11:11:05 IST" finished-at="2021-02-28T11:11:41 IST">
          <reporter-output>
          </reporter-output>
        </test-method> <!-- runLazyLoad -->
      </class> <!-- lazyLoad.MakeMytrip -->
    </test> <!-- Default test -->
  </suite> <!-- Default suite -->
</testng-results>
